<?xml version="1.0" encoding="UTF-8"?>
<!-- Generated by org.testng.reporters.JUnitReportReporter -->
<testsuite hostname="News-MacBook-Pro.local" failures="0" tests="1" name="runner.TestRunner" time="0.028" errors="0" timestamp="19 Oct 2018 20:47:09 GMT">
  <testcase classname="runner.TestRunner" name="feature" time="0.028"/>
</testsuite> <!-- runner.TestRunner -->
